Using pre-set license

 COMMAND LINE ARGUMENTS:
/Applications/Unity/Hub/Editor/2020.2.6f1/Unity.app/Contents/MacOS/Unity
-adb2
-batchMode
-noUpm
-name
AssetImportWorker0
-projectPath
/Users/danielgarciabarajas/Desktop/Tec/Semestre_7/TC3003C/TC3003C.71-DanielGarciaBarajas/Modelado
-logFile
Logs/AssetImportWorker0.log
-srvPort
63028
Successfully changed project path to: /Users/danielgarciabarajas/Desktop/Tec/Semestre_7/TC3003C/TC3003C.71-DanielGarciaBarajas/Modelado
/Users/danielgarciabarajas/Desktop/Tec/Semestre_7/TC3003C/TC3003C.71-DanielGarciaBarajas/Modelado
Using Asset Import Pipeline V2.
Refreshing native plugins compatible for Editor in 49.54 ms, found 1 plugins.
Preloading 0 native plugins for Editor in 0.00 ms.
Initialize engine version: 2020.2.6f1 (8a2143876886)
[Subsystems] Discovering subsystems at path /Applications/Unity/Hub/Editor/2020.2.6f1/Unity.app/Contents/Resources/UnitySubsystems
[Subsystems] Discovering subsystems at path /Users/danielgarciabarajas/Desktop/Tec/Semestre_7/TC3003C/TC3003C.71-DanielGarciaBarajas/Modelado/Assets
GfxDevice: creating device client; threaded=0
2022-08-22 16:37:37.464 Unity[54866:2112734] Color LCD preferred device: Intel(R) Iris(TM) Plus Graphics 655 (low power)
2022-08-22 16:37:37.464 Unity[54866:2112734] Metal devices available: 1
2022-08-22 16:37:37.464 Unity[54866:2112734] 0: Intel(R) Iris(TM) Plus Graphics 655 (low power)
2022-08-22 16:37:37.464 Unity[54866:2112734] Using device Intel(R) Iris(TM) Plus Graphics 655 (low power)
Initializing Metal device caps: Intel(R) Iris(TM) Plus Graphics 655
Initialize mono
Mono path[0] = '/Applications/Unity/Hub/Editor/2020.2.6f1/Unity.app/Contents/Managed'
Mono path[1] = '/Applications/Unity/Hub/Editor/2020.2.6f1/Unity.app/Contents/MonoBleedingEdge/lib/mono/unityjit'
Mono config path = '/Applications/Unity/Hub/Editor/2020.2.6f1/Unity.app/Contents/MonoBleedingEdge/etc'
Using monoOptions --debugger-agent=transport=dt_socket,embedding=1,server=y,suspend=n,address=127.0.0.1:56866
Begin MonoManager ReloadAssembly
Registering precompiled unity dll's ...
Register platform support module: /Applications/Unity/Hub/Editor/2020.2.6f1/Unity.app/Contents/PlaybackEngines/MacStandaloneSupport/UnityEditor.OSXStandalone.Extensions.dll
Register platform support module: /Applications/Unity/Hub/Editor/2020.2.6f1/PlaybackEngines/WindowsStandaloneSupport/UnityEditor.WindowsStandalone.Extensions.dll
Registered in 0.002819 seconds.
Native extension for WindowsStandalone target not found
Native extension for OSXStandalone target not found
Refreshing native plugins compatible for Editor in 47.85 ms, found 1 plugins.
Preloading 0 native plugins for Editor in 0.00 ms.
Invoked RoslynAnalysisRunner static constructor.
RoslynAnalysisRunner will not be running.
RoslynAnalysisRunner has terminated.
Mono: successfully reloaded assembly
- Completed reload, in  9.914 seconds
Platform modules already initialized, skipping
Registering precompiled user dll's ...
Registered in 0.009541 seconds.
Begin MonoManager ReloadAssembly
Native extension for WindowsStandalone target not found
Native extension for OSXStandalone target not found
Refreshing native plugins compatible for Editor in 46.78 ms, found 1 plugins.
Preloading 0 native plugins for Editor in 0.00 ms.
Invoked RoslynAnalysisRunner static constructor.
RoslynAnalysisRunner will not be running.
RoslynAnalysisRunner has terminated.
Mono: successfully reloaded assembly
- Completed reload, in  1.338 seconds
Platform modules already initialized, skipping
========================================================================
Worker process is ready to serve import requests
Launching external process: /Applications/Unity/Hub/Editor/2020.2.6f1/Unity.app/Contents/Tools/UnityShaderCompiler
Launched and connected shader compiler UnityShaderCompiler after 0.02 seconds
Refreshing native plugins compatible for Editor in 0.48 ms, found 1 plugins.
Preloading 0 native plugins for Editor in 0.00 ms.
Unloading 2376 Unused Serialized files (Serialized files now loaded: 0)
System memory in use before: 260.1 MB.
System memory in use after: 260.2 MB.

Unloading 15 unused Assets to reduce memory usage. Loaded Objects now: 2837.
Total: 2.928370 ms (FindLiveObjects: 0.387945 ms CreateObjectMapping: 0.171593 ms MarkObjects: 2.125896 ms  DeleteObjects: 0.241583 ms)

========================================================================
Received Import Request.
  path: Assets/Materials/Gray.asset
  artifactKey: Guid(d50ac98a984db4c33b81377614578ac9) Importer(815301076,1909f56bfc062723c751e8b465ee728b)
Start importing Assets/Materials/Gray.asset using Guid(d50ac98a984db4c33b81377614578ac9) Importer(815301076,1909f56bfc062723c751e8b465ee728b)  -> (artifact id: '3b94501a457bf2842426028936b9d6da') in 1.928231 seconds
  Import took 1.933601 seconds .

========================================================================
Received Import Request.
  Time since last request: 0.000239 seconds.
  path: Assets/Materials/Red.mat
  artifactKey: Guid(9bf081ae2c23a41979cfc2df3aed2d50) Importer(815301076,1909f56bfc062723c751e8b465ee728b)
Start importing Assets/Materials/Red.mat using Guid(9bf081ae2c23a41979cfc2df3aed2d50) Importer(815301076,1909f56bfc062723c751e8b465ee728b)  -> (artifact id: '361bc2ffcdbda2dea0c9bebb81ad58e2') in 0.573896 seconds
  Import took 0.578441 seconds .

========================================================================
Received Import Request.
  Time since last request: 0.000207 seconds.
  path: Assets/Materials/Gray.mat
  artifactKey: Guid(1eb47a1806c5b437baad760257cca779) Importer(815301076,1909f56bfc062723c751e8b465ee728b)
Start importing Assets/Materials/Gray.mat using Guid(1eb47a1806c5b437baad760257cca779) Importer(815301076,1909f56bfc062723c751e8b465ee728b)  -> (artifact id: '82208cbe6a2c96597ed8c6d25f0f25f9') in 0.009670 seconds
  Import took 0.013713 seconds .

========================================================================
Received Import Request.
  Time since last request: 0.000221 seconds.
  path: Assets/Materials/Yellow.mat
  artifactKey: Guid(68857f49148444c548f71c5c74a7d6f8) Importer(815301076,1909f56bfc062723c751e8b465ee728b)
Start importing Assets/Materials/Yellow.mat using Guid(68857f49148444c548f71c5c74a7d6f8) Importer(815301076,1909f56bfc062723c751e8b465ee728b)  -> (artifact id: '40ad4e96e46dc48ab4ed4b1fba5da22e') in 0.012375 seconds
  Import took 0.017125 seconds .

========================================================================
Received Import Request.
  Time since last request: 0.000209 seconds.
  path: Assets/Materials/Green.mat
  artifactKey: Guid(ed01e8a169e5f491e9de271f2885caa6) Importer(815301076,1909f56bfc062723c751e8b465ee728b)
Start importing Assets/Materials/Green.mat using Guid(ed01e8a169e5f491e9de271f2885caa6) Importer(815301076,1909f56bfc062723c751e8b465ee728b)  -> (artifact id: '18daad1c71cdbfa07398e569ab4913e8') in 0.009637 seconds
  Import took 0.013724 seconds .

========================================================================
Received Import Request.
  Time since last request: 0.000242 seconds.
  path: Assets/Scripts/Animations/MoveXbot.cs
  artifactKey: Guid(6f549ede55d034fa8a40e73862f1ba99) Importer(815301076,1909f56bfc062723c751e8b465ee728b)
Start importing Assets/Scripts/Animations/MoveXbot.cs using Guid(6f549ede55d034fa8a40e73862f1ba99) Importer(815301076,1909f56bfc062723c751e8b465ee728b)  -> (artifact id: '3d5ba821a2a3a9f28d2260989aa3f314') in 0.429159 seconds
  Import took 0.433257 seconds .

========================================================================
Received Import Request.
  Time since last request: 183.140199 seconds.
  path: Assets/Animations/Capsule 1.controller
  artifactKey: Guid(d7e5758021f6146c3a2eba6c38004cf3) Importer(815301076,1909f56bfc062723c751e8b465ee728b)
Start importing Assets/Animations/Capsule 1.controller using Guid(d7e5758021f6146c3a2eba6c38004cf3) Importer(815301076,1909f56bfc062723c751e8b465ee728b)  -> (artifact id: '50273ab73b9adb6877742ba701e02eac') in 0.205582 seconds
  Import took 0.213646 seconds .

========================================================================
Received Import Request.
  Time since last request: 18.742596 seconds.
  path: Assets/Animations/BridgeTimeline.playable
  artifactKey: Guid(e62f98bd9a8c844e79f638f8caff7f92) Importer(815301076,1909f56bfc062723c751e8b465ee728b)
Start importing Assets/Animations/BridgeTimeline.playable using Guid(e62f98bd9a8c844e79f638f8caff7f92) Importer(815301076,1909f56bfc062723c751e8b465ee728b)  -> (artifact id: '9574e95c33a932b6c0e2a29150882622') in 0.203848 seconds
  Import took 0.209359 seconds .

========================================================================
Received Import Request.
  Time since last request: 0.000776 seconds.
  path: Assets/Animations/SlidinDoorTimeline.playable
  artifactKey: Guid(e8d57487715914572aa281a154f52594) Importer(815301076,1909f56bfc062723c751e8b465ee728b)
Start importing Assets/Animations/SlidinDoorTimeline.playable using Guid(e8d57487715914572aa281a154f52594) Importer(815301076,1909f56bfc062723c751e8b465ee728b)  -> (artifact id: 'd2beea1f400f49b24b791dc7202c724e') in 0.002999 seconds
  Import took 0.008418 seconds .

========================================================================
Received Import Request.
  Time since last request: 0.000266 seconds.
  path: Assets/Animations/WayTimeline.playable
  artifactKey: Guid(4f85fb876311c48a5b2495ae93585c35) Importer(815301076,1909f56bfc062723c751e8b465ee728b)
Start importing Assets/Animations/WayTimeline.playable using Guid(4f85fb876311c48a5b2495ae93585c35) Importer(815301076,1909f56bfc062723c751e8b465ee728b)  -> (artifact id: '8f6c01b00a1cbb4dfe3fea9d6305bdfc') in 0.006062 seconds
  Import took 0.011160 seconds .

========================================================================
Received Import Request.
  Time since last request: 0.000252 seconds.
  path: Assets/Animations/PhysicsTimeline.playable
  artifactKey: Guid(0f943c27bc1454ecbb98031a1f31447f) Importer(815301076,1909f56bfc062723c751e8b465ee728b)
Start importing Assets/Animations/PhysicsTimeline.playable using Guid(0f943c27bc1454ecbb98031a1f31447f) Importer(815301076,1909f56bfc062723c751e8b465ee728b)  -> (artifact id: '22bce5a67850298d69ef80b11d60172d') in 0.004763 seconds
  Import took 0.010233 seconds .

========================================================================
Received Prepare
Registering precompiled user dll's ...
Registered in 0.003816 seconds.
Begin MonoManager ReloadAssembly
Native extension for WindowsStandalone target not found
Native extension for OSXStandalone target not found
Refreshing native plugins compatible for Editor in 0.45 ms, found 1 plugins.
Preloading 0 native plugins for Editor in 0.00 ms.
Invoked RoslynAnalysisRunner static constructor.
RoslynAnalysisRunner will not be running.
RoslynAnalysisRunner has terminated.
Mono: successfully reloaded assembly
- Completed reload, in  1.163 seconds
Platform modules already initialized, skipping
Refreshing native plugins compatible for Editor in 0.63 ms, found 1 plugins.
Preloading 0 native plugins for Editor in 0.00 ms.
Unloading 2323 Unused Serialized files (Serialized files now loaded: 0)
System memory in use before: 281.5 MB.
System memory in use after: 281.6 MB.

Unloading 10 unused Assets to reduce memory usage. Loaded Objects now: 2883.
Total: 3.025701 ms (FindLiveObjects: 0.409144 ms CreateObjectMapping: 0.127924 ms MarkObjects: 2.318623 ms  DeleteObjects: 0.168859 ms)

========================================================================
Received Import Request.
  Time since last request: 265.626828 seconds.
  path: Assets/Scripts/Animator
  artifactKey: Guid(4920a60e5563146a18e41e4053cce613) Importer(815301076,1909f56bfc062723c751e8b465ee728b)
Start importing Assets/Scripts/Animator using Guid(4920a60e5563146a18e41e4053cce613) Importer(815301076,1909f56bfc062723c751e8b465ee728b)  -> (artifact id: '224fbf6a3d200f0a91f2074d3de8ea93') in 0.171029 seconds
  Import took 0.360265 seconds .

========================================================================
Received Import Request.
  Time since last request: 13.640310 seconds.
  path: Assets/Scripts/Animator/Movement.cs
  artifactKey: Guid(f71a1974e86b74097a628eabaf31d970) Importer(815301076,1909f56bfc062723c751e8b465ee728b)
Start importing Assets/Scripts/Animator/Movement.cs using Guid(f71a1974e86b74097a628eabaf31d970) Importer(815301076,1909f56bfc062723c751e8b465ee728b)  -> (artifact id: 'e0a2784dad7648d2149b9588040907fd') in 0.025811 seconds
  Import took 0.031838 seconds .

========================================================================
Received Prepare
Registering precompiled user dll's ...
Registered in 0.000996 seconds.
Begin MonoManager ReloadAssembly
Native extension for WindowsStandalone target not found
Native extension for OSXStandalone target not found
Refreshing native plugins compatible for Editor in 2.35 ms, found 1 plugins.
Preloading 0 native plugins for Editor in 0.00 ms.
Invoked RoslynAnalysisRunner static constructor.
RoslynAnalysisRunner will not be running.
RoslynAnalysisRunner has terminated.
Mono: successfully reloaded assembly
- Completed reload, in  2.186 seconds
Platform modules already initialized, skipping
Refreshing native plugins compatible for Editor in 0.46 ms, found 1 plugins.
Preloading 0 native plugins for Editor in 0.00 ms.
Unloading 2324 Unused Serialized files (Serialized files now loaded: 0)
System memory in use before: 281.9 MB.
System memory in use after: 282.0 MB.

Unloading 10 unused Assets to reduce memory usage. Loaded Objects now: 2886.
Total: 12.030897 ms (FindLiveObjects: 0.960980 ms CreateObjectMapping: 0.505062 ms MarkObjects: 10.356258 ms  DeleteObjects: 0.202556 ms)

========================================================================
Received Prepare
Registering precompiled user dll's ...
Registered in 0.000959 seconds.
Begin MonoManager ReloadAssembly
Native extension for WindowsStandalone target not found
Native extension for OSXStandalone target not found
Refreshing native plugins compatible for Editor in 0.54 ms, found 1 plugins.
Preloading 0 native plugins for Editor in 0.00 ms.
Invoked RoslynAnalysisRunner static constructor.
RoslynAnalysisRunner will not be running.
RoslynAnalysisRunner has terminated.
Mono: successfully reloaded assembly
- Completed reload, in  1.257 seconds
Platform modules already initialized, skipping
Refreshing native plugins compatible for Editor in 0.58 ms, found 1 plugins.
Preloading 0 native plugins for Editor in 0.00 ms.
Unloading 2324 Unused Serialized files (Serialized files now loaded: 0)
System memory in use before: 282.2 MB.
System memory in use after: 282.4 MB.

Unloading 10 unused Assets to reduce memory usage. Loaded Objects now: 2888.
Total: 7.682549 ms (FindLiveObjects: 1.339791 ms CreateObjectMapping: 0.255671 ms MarkObjects: 5.748790 ms  DeleteObjects: 0.335219 ms)

========================================================================
Received Prepare
Registering precompiled user dll's ...
Registered in 0.001680 seconds.
Begin MonoManager ReloadAssembly
Native extension for WindowsStandalone target not found
Native extension for OSXStandalone target not found
Refreshing native plugins compatible for Editor in 0.81 ms, found 1 plugins.
Preloading 0 native plugins for Editor in 0.00 ms.
Invoked RoslynAnalysisRunner static constructor.
RoslynAnalysisRunner will not be running.
RoslynAnalysisRunner has terminated.
Mono: successfully reloaded assembly
- Completed reload, in  1.208 seconds
Platform modules already initialized, skipping
Refreshing native plugins compatible for Editor in 0.69 ms, found 1 plugins.
Preloading 0 native plugins for Editor in 0.00 ms.
Unloading 2324 Unused Serialized files (Serialized files now loaded: 0)
System memory in use before: 282.6 MB.
System memory in use after: 282.7 MB.

Unloading 10 unused Assets to reduce memory usage. Loaded Objects now: 2890.
Total: 3.090555 ms (FindLiveObjects: 0.357429 ms CreateObjectMapping: 0.136100 ms MarkObjects: 2.383874 ms  DeleteObjects: 0.210494 ms)

========================================================================
Received Prepare
Registering precompiled user dll's ...
Registered in 0.000953 seconds.
Begin MonoManager ReloadAssembly
Native extension for WindowsStandalone target not found
Native extension for OSXStandalone target not found
Refreshing native plugins compatible for Editor in 0.70 ms, found 1 plugins.
Preloading 0 native plugins for Editor in 0.00 ms.
Invoked RoslynAnalysisRunner static constructor.
RoslynAnalysisRunner will not be running.
RoslynAnalysisRunner has terminated.
Mono: successfully reloaded assembly
- Completed reload, in  1.189 seconds
Platform modules already initialized, skipping
Refreshing native plugins compatible for Editor in 0.70 ms, found 1 plugins.
Preloading 0 native plugins for Editor in 0.00 ms.
Unloading 2324 Unused Serialized files (Serialized files now loaded: 0)
System memory in use before: 283.0 MB.
System memory in use after: 283.1 MB.

Unloading 10 unused Assets to reduce memory usage. Loaded Objects now: 2892.
Total: 3.340792 ms (FindLiveObjects: 0.320300 ms CreateObjectMapping: 0.143296 ms MarkObjects: 2.720771 ms  DeleteObjects: 0.154625 ms)

========================================================================
Received Prepare
Registering precompiled user dll's ...
Registered in 0.000955 seconds.
Begin MonoManager ReloadAssembly
Native extension for WindowsStandalone target not found
Native extension for OSXStandalone target not found
Refreshing native plugins compatible for Editor in 0.50 ms, found 1 plugins.
Preloading 0 native plugins for Editor in 0.00 ms.
Invoked RoslynAnalysisRunner static constructor.
RoslynAnalysisRunner will not be running.
RoslynAnalysisRunner has terminated.
Mono: successfully reloaded assembly
- Completed reload, in  1.234 seconds
Platform modules already initialized, skipping
Refreshing native plugins compatible for Editor in 0.51 ms, found 1 plugins.
Preloading 0 native plugins for Editor in 0.00 ms.
Unloading 2324 Unused Serialized files (Serialized files now loaded: 0)
System memory in use before: 283.3 MB.
System memory in use after: 283.4 MB.

Unloading 10 unused Assets to reduce memory usage. Loaded Objects now: 2894.
Total: 2.695725 ms (FindLiveObjects: 0.345847 ms CreateObjectMapping: 0.126413 ms MarkObjects: 2.024810 ms  DeleteObjects: 0.194882 ms)

========================================================================
Received Prepare
Registering precompiled user dll's ...
Registered in 0.001347 seconds.
Begin MonoManager ReloadAssembly
Native extension for WindowsStandalone target not found
Native extension for OSXStandalone target not found
Refreshing native plugins compatible for Editor in 0.51 ms, found 1 plugins.
Preloading 0 native plugins for Editor in 0.00 ms.
Invoked RoslynAnalysisRunner static constructor.
RoslynAnalysisRunner will not be running.
RoslynAnalysisRunner has terminated.
Mono: successfully reloaded assembly
- Completed reload, in  1.248 seconds
Platform modules already initialized, skipping
Refreshing native plugins compatible for Editor in 0.56 ms, found 1 plugins.
Preloading 0 native plugins for Editor in 0.00 ms.
Unloading 2324 Unused Serialized files (Serialized files now loaded: 0)
System memory in use before: 283.7 MB.
System memory in use after: 283.8 MB.

Unloading 10 unused Assets to reduce memory usage. Loaded Objects now: 2896.
Total: 2.565773 ms (FindLiveObjects: 0.362205 ms CreateObjectMapping: 0.139636 ms MarkObjects: 1.908274 ms  DeleteObjects: 0.152590 ms)

========================================================================
Received Prepare
Registering precompiled user dll's ...
Registered in 0.001406 seconds.
Begin MonoManager ReloadAssembly
Native extension for WindowsStandalone target not found
Native extension for OSXStandalone target not found
Refreshing native plugins compatible for Editor in 0.51 ms, found 1 plugins.
Preloading 0 native plugins for Editor in 0.00 ms.
Invoked RoslynAnalysisRunner static constructor.
RoslynAnalysisRunner will not be running.
RoslynAnalysisRunner has terminated.
Mono: successfully reloaded assembly
- Completed reload, in  1.156 seconds
Platform modules already initialized, skipping
Refreshing native plugins compatible for Editor in 0.49 ms, found 1 plugins.
Preloading 0 native plugins for Editor in 0.00 ms.
Unloading 2324 Unused Serialized files (Serialized files now loaded: 0)
System memory in use before: 284.0 MB.
System memory in use after: 284.1 MB.

Unloading 10 unused Assets to reduce memory usage. Loaded Objects now: 2898.
Total: 3.209764 ms (FindLiveObjects: 0.333849 ms CreateObjectMapping: 0.156007 ms MarkObjects: 2.528340 ms  DeleteObjects: 0.189793 ms)

========================================================================
Received Prepare
Registering precompiled user dll's ...
Registered in 0.000878 seconds.
Begin MonoManager ReloadAssembly
Native extension for WindowsStandalone target not found
Native extension for OSXStandalone target not found
Refreshing native plugins compatible for Editor in 0.78 ms, found 1 plugins.
Preloading 0 native plugins for Editor in 0.00 ms.
Invoked RoslynAnalysisRunner static constructor.
RoslynAnalysisRunner will not be running.
RoslynAnalysisRunner has terminated.
Mono: successfully reloaded assembly
- Completed reload, in  1.312 seconds
Platform modules already initialized, skipping
Refreshing native plugins compatible for Editor in 0.58 ms, found 1 plugins.
Preloading 0 native plugins for Editor in 0.00 ms.
Unloading 2324 Unused Serialized files (Serialized files now loaded: 0)
System memory in use before: 284.4 MB.
System memory in use after: 284.4 MB.

Unloading 10 unused Assets to reduce memory usage. Loaded Objects now: 2900.
Total: 3.968733 ms (FindLiveObjects: 0.415869 ms CreateObjectMapping: 0.154440 ms MarkObjects: 3.205633 ms  DeleteObjects: 0.190470 ms)

========================================================================
Received Import Request.
  Time since last request: 1580.011582 seconds.
  path: Assets/Scenes/SampleScene.unity
  artifactKey: Guid(9fc0d4010bbf28b4594072e72b8655ab) Importer(815301076,1909f56bfc062723c751e8b465ee728b)
Start importing Assets/Scenes/SampleScene.unity using Guid(9fc0d4010bbf28b4594072e72b8655ab) Importer(815301076,1909f56bfc062723c751e8b465ee728b)  -> (artifact id: 'fa4b8c2333f271d402d8220c124fca67') in 0.460002 seconds
  Import took 0.790390 seconds .

========================================================================
Received Import Request.
  Time since last request: 0.001181 seconds.
  path: Assets/Scenes/Physics.unity
  artifactKey: Guid(898fddab6ce73408db304c68b3fae42f) Importer(815301076,1909f56bfc062723c751e8b465ee728b)
Start importing Assets/Scenes/Physics.unity using Guid(898fddab6ce73408db304c68b3fae42f) Importer(815301076,1909f56bfc062723c751e8b465ee728b)  -> (artifact id: '159ad03e80cb339e3f0c31934c86cf3e') in 0.003361 seconds
  Import took 0.009673 seconds .

========================================================================
Received Prepare
Registering precompiled user dll's ...
Registered in 0.008267 seconds.
Begin MonoManager ReloadAssembly
Native extension for WindowsStandalone target not found
Native extension for OSXStandalone target not found
Refreshing native plugins compatible for Editor in 0.78 ms, found 1 plugins.
Preloading 0 native plugins for Editor in 0.00 ms.
Invoked RoslynAnalysisRunner static constructor.
RoslynAnalysisRunner will not be running.
RoslynAnalysisRunner has terminated.
Mono: successfully reloaded assembly
- Completed reload, in  1.724 seconds
Platform modules already initialized, skipping
Refreshing native plugins compatible for Editor in 0.52 ms, found 1 plugins.
Preloading 0 native plugins for Editor in 0.00 ms.
Unloading 2324 Unused Serialized files (Serialized files now loaded: 0)
System memory in use before: 284.8 MB.
System memory in use after: 284.9 MB.

Unloading 10 unused Assets to reduce memory usage. Loaded Objects now: 2902.
Total: 10.902327 ms (FindLiveObjects: 2.530265 ms CreateObjectMapping: 0.227482 ms MarkObjects: 7.603533 ms  DeleteObjects: 0.539206 ms)

========================================================================
Received Import Request.
  Time since last request: 256.417177 seconds.
  path: Assets/Animations/DoorPivot 1.controller
  artifactKey: Guid(23452ef6992f04a54804387f55a6a530) Importer(815301076,1909f56bfc062723c751e8b465ee728b)
Start importing Assets/Animations/DoorPivot 1.controller using Guid(23452ef6992f04a54804387f55a6a530) Importer(815301076,1909f56bfc062723c751e8b465ee728b)  -> (artifact id: '14766dacf93ddf04bcef0aaf541d677d') in 0.095609 seconds
  Import took 0.102502 seconds .

========================================================================
Received Import Request.
  Time since last request: 1.138864 seconds.
  path: Assets/Animations/DoorPivot.controller
  artifactKey: Guid(31f5d90bd26e747048728f68925e5cb7) Importer(815301076,1909f56bfc062723c751e8b465ee728b)
Start importing Assets/Animations/DoorPivot.controller using Guid(31f5d90bd26e747048728f68925e5cb7) Importer(815301076,1909f56bfc062723c751e8b465ee728b)  -> (artifact id: '28ff0d0d87ff18396f3a4d04f9d60075') in 0.013568 seconds
  Import took 0.023218 seconds .

========================================================================
Received Import Request.
  Time since last request: 1.645508 seconds.
  path: Assets/Animations/DoorAnim.anim
  artifactKey: Guid(b384494f5499a415c8a2c9ade8590ab2) Importer(815301076,1909f56bfc062723c751e8b465ee728b)
Start importing Assets/Animations/DoorAnim.anim using Guid(b384494f5499a415c8a2c9ade8590ab2) Importer(815301076,1909f56bfc062723c751e8b465ee728b)  -> (artifact id: 'd21e4aa765ca88dbfc17c4ec9ea259d4') in 0.814529 seconds
  Import took 0.820458 seconds .

========================================================================
Received Import Request.
  Time since last request: 82.739692 seconds.
  path: Assets/Scripts/Animator/OpenDoor.cs
  artifactKey: Guid(537b62c88de1c43dabb0bb979221b291) Importer(815301076,1909f56bfc062723c751e8b465ee728b)
Start importing Assets/Scripts/Animator/OpenDoor.cs using Guid(537b62c88de1c43dabb0bb979221b291) Importer(815301076,1909f56bfc062723c751e8b465ee728b)  -> (artifact id: '17153b960705b63540393cd242b37a44') in 0.040904 seconds
  Import took 0.046541 seconds .

========================================================================
Received Import Request.
  Time since last request: 0.007056 seconds.
  path: Assets/Scripts/Animator/OpenDoor.cs
  artifactKey: Guid(537b62c88de1c43dabb0bb979221b291) Importer(815301076,1909f56bfc062723c751e8b465ee728b)
Start importing Assets/Scripts/Animator/OpenDoor.cs using Guid(537b62c88de1c43dabb0bb979221b291) Importer(815301076,1909f56bfc062723c751e8b465ee728b)  -> (artifact id: '17153b960705b63540393cd242b37a44') in 0.004101 seconds
  Import took 0.009242 seconds .

========================================================================
Received Prepare
Registering precompiled user dll's ...
Registered in 0.001031 seconds.
Begin MonoManager ReloadAssembly
Native extension for WindowsStandalone target not found
Native extension for OSXStandalone target not found
Refreshing native plugins compatible for Editor in 0.55 ms, found 1 plugins.
Preloading 0 native plugins for Editor in 0.00 ms.
Invoked RoslynAnalysisRunner static constructor.
RoslynAnalysisRunner will not be running.
RoslynAnalysisRunner has terminated.
Mono: successfully reloaded assembly
- Completed reload, in  1.440 seconds
Platform modules already initialized, skipping
Refreshing native plugins compatible for Editor in 0.57 ms, found 1 plugins.
Preloading 0 native plugins for Editor in 0.00 ms.
Unloading 2325 Unused Serialized files (Serialized files now loaded: 0)
System memory in use before: 289.3 MB.
System memory in use after: 289.4 MB.

Unloading 10 unused Assets to reduce memory usage. Loaded Objects now: 2905.
Total: 3.160368 ms (FindLiveObjects: 0.460384 ms CreateObjectMapping: 0.164831 ms MarkObjects: 2.117755 ms  DeleteObjects: 0.415304 ms)

========================================================================
Received Prepare
Registering precompiled user dll's ...
Registered in 0.001462 seconds.
Begin MonoManager ReloadAssembly
Native extension for WindowsStandalone target not found
Native extension for OSXStandalone target not found
Refreshing native plugins compatible for Editor in 0.48 ms, found 1 plugins.
Preloading 0 native plugins for Editor in 0.00 ms.
Invoked RoslynAnalysisRunner static constructor.
RoslynAnalysisRunner will not be running.
RoslynAnalysisRunner has terminated.
Mono: successfully reloaded assembly
- Completed reload, in  1.175 seconds
Platform modules already initialized, skipping
Refreshing native plugins compatible for Editor in 0.51 ms, found 1 plugins.
Preloading 0 native plugins for Editor in 0.00 ms.
Unloading 2325 Unused Serialized files (Serialized files now loaded: 0)
System memory in use before: 289.7 MB.
System memory in use after: 289.8 MB.

Unloading 10 unused Assets to reduce memory usage. Loaded Objects now: 2907.
Total: 2.582981 ms (FindLiveObjects: 0.302226 ms CreateObjectMapping: 0.128877 ms MarkObjects: 1.989672 ms  DeleteObjects: 0.159529 ms)

========================================================================
Received Prepare
Registering precompiled user dll's ...
Registered in 0.000958 seconds.
Begin MonoManager ReloadAssembly
Native extension for WindowsStandalone target not found
Native extension for OSXStandalone target not found
Refreshing native plugins compatible for Editor in 0.63 ms, found 1 plugins.
Preloading 0 native plugins for Editor in 0.00 ms.
Invoked RoslynAnalysisRunner static constructor.
RoslynAnalysisRunner will not be running.
RoslynAnalysisRunner has terminated.
Mono: successfully reloaded assembly
- Completed reload, in  1.221 seconds
Platform modules already initialized, skipping
Refreshing native plugins compatible for Editor in 0.49 ms, found 1 plugins.
Preloading 0 native plugins for Editor in 0.00 ms.
Unloading 2325 Unused Serialized files (Serialized files now loaded: 0)
System memory in use before: 290.1 MB.
System memory in use after: 290.1 MB.

Unloading 10 unused Assets to reduce memory usage. Loaded Objects now: 2909.
Total: 2.550734 ms (FindLiveObjects: 0.332868 ms CreateObjectMapping: 0.148202 ms MarkObjects: 1.889193 ms  DeleteObjects: 0.177980 ms)

========================================================================
Received Prepare
Registering precompiled user dll's ...
Registered in 0.002797 seconds.
Begin MonoManager ReloadAssembly
Native extension for WindowsStandalone target not found
Native extension for OSXStandalone target not found
Refreshing native plugins compatible for Editor in 0.79 ms, found 1 plugins.
Preloading 0 native plugins for Editor in 0.00 ms.
Invoked RoslynAnalysisRunner static constructor.
RoslynAnalysisRunner will not be running.
RoslynAnalysisRunner has terminated.
Mono: successfully reloaded assembly
- Completed reload, in  1.203 seconds
Platform modules already initialized, skipping
Refreshing native plugins compatible for Editor in 0.63 ms, found 1 plugins.
Preloading 0 native plugins for Editor in 0.00 ms.
Unloading 2325 Unused Serialized files (Serialized files now loaded: 0)
System memory in use before: 290.4 MB.
System memory in use after: 290.5 MB.

Unloading 10 unused Assets to reduce memory usage. Loaded Objects now: 2911.
Total: 3.244481 ms (FindLiveObjects: 0.413195 ms CreateObjectMapping: 0.205767 ms MarkObjects: 2.461329 ms  DeleteObjects: 0.161817 ms)

========================================================================
Received Prepare
Registering precompiled user dll's ...
Registered in 0.000872 seconds.
Begin MonoManager ReloadAssembly
Native extension for WindowsStandalone target not found
Native extension for OSXStandalone target not found
Refreshing native plugins compatible for Editor in 0.65 ms, found 1 plugins.
Preloading 0 native plugins for Editor in 0.00 ms.
Invoked RoslynAnalysisRunner static constructor.
RoslynAnalysisRunner will not be running.
RoslynAnalysisRunner has terminated.
Mono: successfully reloaded assembly
- Completed reload, in  1.284 seconds
Platform modules already initialized, skipping
Refreshing native plugins compatible for Editor in 0.48 ms, found 1 plugins.
Preloading 0 native plugins for Editor in 0.00 ms.
Unloading 2325 Unused Serialized files (Serialized files now loaded: 0)
System memory in use before: 290.7 MB.
System memory in use after: 290.8 MB.

Unloading 10 unused Assets to reduce memory usage. Loaded Objects now: 2913.
Total: 2.393339 ms (FindLiveObjects: 0.303873 ms CreateObjectMapping: 0.141036 ms MarkObjects: 1.808135 ms  DeleteObjects: 0.139149 ms)

========================================================================
Received Prepare
Registering precompiled user dll's ...
Registered in 0.000998 seconds.
Begin MonoManager ReloadAssembly
Native extension for WindowsStandalone target not found
Native extension for OSXStandalone target not found
Refreshing native plugins compatible for Editor in 0.47 ms, found 1 plugins.
Preloading 0 native plugins for Editor in 0.00 ms.
Invoked RoslynAnalysisRunner static constructor.
RoslynAnalysisRunner will not be running.
RoslynAnalysisRunner has terminated.
Mono: successfully reloaded assembly
- Completed reload, in  1.106 seconds
Platform modules already initialized, skipping
Refreshing native plugins compatible for Editor in 0.57 ms, found 1 plugins.
Preloading 0 native plugins for Editor in 0.00 ms.
Unloading 2325 Unused Serialized files (Serialized files now loaded: 0)
System memory in use before: 291.0 MB.
System memory in use after: 291.1 MB.

Unloading 10 unused Assets to reduce memory usage. Loaded Objects now: 2915.
Total: 3.064046 ms (FindLiveObjects: 0.356650 ms CreateObjectMapping: 0.143177 ms MarkObjects: 2.375937 ms  DeleteObjects: 0.186166 ms)

========================================================================
Received Import Request.
  Time since last request: 1301.588168 seconds.
  path: Assets/Animations/DoorUpAnim.anim
  artifactKey: Guid(afe2dd835e29d45b0875a6159755864e) Importer(815301076,1909f56bfc062723c751e8b465ee728b)
Start importing Assets/Animations/DoorUpAnim.anim using Guid(afe2dd835e29d45b0875a6159755864e) Importer(815301076,1909f56bfc062723c751e8b465ee728b)  -> (artifact id: '9bd5c161a3d580daffcfbe812a9dabc9') in 0.853379 seconds
  Import took 1.461909 seconds .

========================================================================
Received Prepare
Registering precompiled user dll's ...
Registered in 0.003527 seconds.
Begin MonoManager ReloadAssembly
Native extension for WindowsStandalone target not found
Native extension for OSXStandalone target not found
Refreshing native plugins compatible for Editor in 0.64 ms, found 1 plugins.
Preloading 0 native plugins for Editor in 0.00 ms.
Invoked RoslynAnalysisRunner static constructor.
RoslynAnalysisRunner will not be running.
RoslynAnalysisRunner has terminated.
Mono: successfully reloaded assembly
- Completed reload, in  1.797 seconds
Platform modules already initialized, skipping
Refreshing native plugins compatible for Editor in 1.54 ms, found 1 plugins.
Preloading 0 native plugins for Editor in 0.00 ms.
Unloading 2325 Unused Serialized files (Serialized files now loaded: 0)
System memory in use before: 291.6 MB.
System memory in use after: 291.6 MB.

Unloading 10 unused Assets to reduce memory usage. Loaded Objects now: 2917.
Total: 3.170981 ms (FindLiveObjects: 0.441202 ms CreateObjectMapping: 0.133829 ms MarkObjects: 2.281112 ms  DeleteObjects: 0.312157 ms)

========================================================================
Received Prepare
Registering precompiled user dll's ...
Registered in 0.005378 seconds.
Begin MonoManager ReloadAssembly
Native extension for WindowsStandalone target not found
Native extension for OSXStandalone target not found
Refreshing native plugins compatible for Editor in 0.63 ms, found 1 plugins.
Preloading 0 native plugins for Editor in 0.00 ms.
Invoked RoslynAnalysisRunner static constructor.
RoslynAnalysisRunner will not be running.
RoslynAnalysisRunner has terminated.
Mono: successfully reloaded assembly
- Completed reload, in  1.325 seconds
Platform modules already initialized, skipping
Refreshing native plugins compatible for Editor in 0.61 ms, found 1 plugins.
Preloading 0 native plugins for Editor in 0.00 ms.
Unloading 2325 Unused Serialized files (Serialized files now loaded: 0)
System memory in use before: 292.0 MB.
System memory in use after: 292.1 MB.

Unloading 10 unused Assets to reduce memory usage. Loaded Objects now: 2919.
Total: 2.868792 ms (FindLiveObjects: 0.386554 ms CreateObjectMapping: 0.150865 ms MarkObjects: 2.107120 ms  DeleteObjects: 0.222743 ms)

========================================================================
Received Import Request.
  Time since last request: 257.062482 seconds.
  path: Assets/Animations/DoorPivot (1) 1.controller
  artifactKey: Guid(39281c391bd7a4cd9b17549cb86d74f8) Importer(815301076,1909f56bfc062723c751e8b465ee728b)
Start importing Assets/Animations/DoorPivot (1) 1.controller using Guid(39281c391bd7a4cd9b17549cb86d74f8) Importer(815301076,1909f56bfc062723c751e8b465ee728b)  -> (artifact id: '51a1316d8889f2273763e102477a1a61') in 0.209393 seconds
  Import took 0.296492 seconds .

========================================================================
Received Prepare
Registering precompiled user dll's ...
Registered in 0.000986 seconds.
Begin MonoManager ReloadAssembly
Native extension for WindowsStandalone target not found
Native extension for OSXStandalone target not found
Refreshing native plugins compatible for Editor in 0.84 ms, found 1 plugins.
Preloading 0 native plugins for Editor in 0.00 ms.
Invoked RoslynAnalysisRunner static constructor.
RoslynAnalysisRunner will not be running.
RoslynAnalysisRunner has terminated.
Mono: successfully reloaded assembly
- Completed reload, in  1.710 seconds
Platform modules already initialized, skipping
Refreshing native plugins compatible for Editor in 0.43 ms, found 1 plugins.
Preloading 0 native plugins for Editor in 0.00 ms.
Unloading 2325 Unused Serialized files (Serialized files now loaded: 0)
System memory in use before: 292.4 MB.
System memory in use after: 292.4 MB.

Unloading 10 unused Assets to reduce memory usage. Loaded Objects now: 2921.
Total: 2.437949 ms (FindLiveObjects: 0.356300 ms CreateObjectMapping: 0.104813 ms MarkObjects: 1.811292 ms  DeleteObjects: 0.164086 ms)

========================================================================
Received Prepare
Registering precompiled user dll's ...
Registered in 0.001230 seconds.
Begin MonoManager ReloadAssembly
Native extension for WindowsStandalone target not found
Native extension for OSXStandalone target not found
Refreshing native plugins compatible for Editor in 0.50 ms, found 1 plugins.
Preloading 0 native plugins for Editor in 0.00 ms.
Invoked RoslynAnalysisRunner static constructor.
RoslynAnalysisRunner will not be running.
RoslynAnalysisRunner has terminated.
Mono: successfully reloaded assembly
- Completed reload, in  1.498 seconds
Platform modules already initialized, skipping
Refreshing native plugins compatible for Editor in 0.53 ms, found 1 plugins.
Preloading 0 native plugins for Editor in 0.00 ms.
Unloading 2325 Unused Serialized files (Serialized files now loaded: 0)
System memory in use before: 292.7 MB.
System memory in use after: 292.8 MB.

Unloading 10 unused Assets to reduce memory usage. Loaded Objects now: 2923.
Total: 2.380874 ms (FindLiveObjects: 0.294066 ms CreateObjectMapping: 0.098394 ms MarkObjects: 1.838419 ms  DeleteObjects: 0.148765 ms)

========================================================================
Received Prepare
Registering precompiled user dll's ...
Registered in 0.000864 seconds.
Begin MonoManager ReloadAssembly
Native extension for WindowsStandalone target not found
Native extension for OSXStandalone target not found
Refreshing native plugins compatible for Editor in 0.60 ms, found 1 plugins.
Preloading 0 native plugins for Editor in 0.00 ms.
Invoked RoslynAnalysisRunner static constructor.
RoslynAnalysisRunner will not be running.
RoslynAnalysisRunner has terminated.
Mono: successfully reloaded assembly
- Completed reload, in  1.199 seconds
Platform modules already initialized, skipping
Refreshing native plugins compatible for Editor in 0.48 ms, found 1 plugins.
Preloading 0 native plugins for Editor in 0.00 ms.
Unloading 2325 Unused Serialized files (Serialized files now loaded: 0)
System memory in use before: 292.5 MB.
System memory in use after: 292.6 MB.

Unloading 10 unused Assets to reduce memory usage. Loaded Objects now: 2925.
Total: 2.475065 ms (FindLiveObjects: 0.339191 ms CreateObjectMapping: 0.113557 ms MarkObjects: 1.846165 ms  DeleteObjects: 0.174642 ms)

========================================================================
Received Import Request.
  Time since last request: 316.697460 seconds.
  path: Assets/Animations/CloseUpDoor.anim
  artifactKey: Guid(9e550823ca7e04cfa97b6b1e39da612a) Importer(815301076,1909f56bfc062723c751e8b465ee728b)
Start importing Assets/Animations/CloseUpDoor.anim using Guid(9e550823ca7e04cfa97b6b1e39da612a) Importer(815301076,1909f56bfc062723c751e8b465ee728b)  -> (artifact id: '2f84eef79beb48c8564bc538f293ce58') in 0.042818 seconds
  Import took 0.052070 seconds .

========================================================================
Received Prepare
Registering precompiled user dll's ...
Registered in 0.004224 seconds.
Begin MonoManager ReloadAssembly
Native extension for WindowsStandalone target not found
Native extension for OSXStandalone target not found
Refreshing native plugins compatible for Editor in 0.62 ms, found 1 plugins.
Preloading 0 native plugins for Editor in 0.00 ms.
Invoked RoslynAnalysisRunner static constructor.
RoslynAnalysisRunner will not be running.
RoslynAnalysisRunner has terminated.
Mono: successfully reloaded assembly
- Completed reload, in  1.638 seconds
Platform modules already initialized, skipping
Refreshing native plugins compatible for Editor in 0.57 ms, found 1 plugins.
Preloading 0 native plugins for Editor in 0.00 ms.
Unloading 2325 Unused Serialized files (Serialized files now loaded: 0)
System memory in use before: 292.9 MB.
System memory in use after: 293.0 MB.

Unloading 10 unused Assets to reduce memory usage. Loaded Objects now: 2927.
Total: 3.794461 ms (FindLiveObjects: 0.985301 ms CreateObjectMapping: 0.154208 ms MarkObjects: 2.415287 ms  DeleteObjects: 0.237818 ms)

